# JRE version: OpenJDK Runtime Environment Temurin-17.0.4+8 (17.0.4+8) (build 17.0.4+8)
# Java VM: OpenJDK 64-Bit Server VM Temurin-17.0.4+8 (17.0.4+8, mixed mode, sharing, tiered, compressed oops, compressed class ptrs, g1 gc, windows-amd64)
GC Precious Log:
 CPUs: 20 total, 20 available
 Memory: 32658M
 Large Page Support: Disabled
 NUMA Support: Disabled
 Compressed Oops: Enabled (Zero based)
 Heap Region Size: 4M
 Heap Min Capacity: 8M
 Heap Initial Capacity: 512M
 Heap Max Capacity: 8168M
 Pre-touch: Disabled
 Parallel Workers: 15
 Concurrent Workers: 4
 Concurrent Refinement Workers: 15
 Periodic GC: Disabled
Heap:
 garbage-first heap   total 524288K, used 314628K [0x0000000255800000, 0x0000000454000000)
  region size 4096K, 77 young (315392K), 6 survivors (24576K)
 Metaspace       used 9886K, committed 10112K, reserved 1064960K
  class space    used 1095K, committed 1216K, reserved 1048576K
GC Heap History (11 events):
Event: 20.618 GC heap before
{Heap before GC invocations=0 (full 0):
 garbage-first heap   total 524288K, used 24576K [0x0000000255800000, 0x0000000454000000)
  region size 4096K, 6 young (24576K), 0 survivors (0K)
 Metaspace       used 9749K, committed 9984K, reserved 1064960K
  class space    used 1094K, committed 1216K, reserved 1048576K
}
Event: 20.621 GC heap after
{Heap after GC invocations=1 (full 0):
 garbage-first heap   total 524288K, used 4932K [0x0000000255800000, 0x0000000454000000)
  region size 4096K, 1 young (4096K), 1 survivors (4096K)
 Metaspace       used 9749K, committed 9984K, reserved 1064960K
  class space    used 1094K, committed 1216K, reserved 1048576K
}
Event: 20.689 GC heap before
{Heap before GC invocations=1 (full 0):
 garbage-first heap   total 524288K, used 25412K [0x0000000255800000, 0x0000000454000000)
  region size 4096K, 6 young (24576K), 1 survivors (4096K)
 Metaspace       used 9766K, committed 9984K, reserved 1064960K
  class space    used 1094K, committed 1216K, reserved 1048576K
}
Event: 20.696 GC heap after
{Heap after GC invocations=2 (full 0):
 garbage-first heap   total 524288K, used 7679K [0x0000000255800000, 0x0000000454000000)
  region size 4096K, 1 young (4096K), 1 survivors (4096K)
 Metaspace       used 9766K, committed 9984K, reserved 1064960K
  class space    used 1094K, committed 1216K, reserved 1048576K
}
Event: 20.861 GC heap before
{Heap before GC invocations=2 (full 0):
 garbage-first heap   total 524288K, used 60927K [0x0000000255800000, 0x0000000454000000)
  region size 4096K, 14 young (57344K), 1 survivors (4096K)
 Metaspace       used 9786K, committed 10048K, reserved 1064960K
  class space    used 1094K, committed 1216K, reserved 1048576K
}
Event: 20.873 GC heap after
{Heap after GC invocations=3 (full 0):
 garbage-first heap   total 524288K, used 10944K [0x0000000255800000, 0x0000000454000000)
  region size 4096K, 2 young (8192K), 2 survivors (8192K)
 Metaspace       used 9786K, committed 10048K, reserved 1064960K
  class space    used 1094K, committed 1216K, reserved 1048576K
}
Event: 21.328 GC heap before
{Heap before GC invocations=3 (full 0):
 garbage-first heap   total 524288K, used 154304K [0x0000000255800000, 0x0000000454000000)
  region size 4096K, 37 young (151552K), 2 survivors (8192K)
 Metaspace       used 9839K, committed 10048K, reserved 1064960K
  class space    used 1095K, committed 1216K, reserved 1048576K
}
Event: 21.346 GC heap after
{Heap after GC invocations=4 (full 0):
 garbage-first heap   total 524288K, used 16911K [0x0000000255800000, 0x0000000454000000)
  region size 4096K, 3 young (12288K), 3 survivors (12288K)
 Metaspace       used 9839K, committed 10048K, reserved 1064960K
  class space    used 1095K, committed 1216K, reserved 1048576K
}
Event: 22.322 GC heap before
{Heap before GC invocations=4 (full 0):
 garbage-first heap   total 524288K, used 315919K [0x0000000255800000, 0x0000000454000000)
  region size 4096K, 76 young (311296K), 3 survivors (12288K)
 Metaspace       used 9879K, committed 10112K, reserved 1064960K
  class space    used 1095K, committed 1216K, reserved 1048576K
}
Event: 22.349 GC heap after
{Heap after GC invocations=5 (full 0):
 garbage-first heap   total 524288K, used 23812K [0x0000000255800000, 0x0000000454000000)
  region size 4096K, 5 young (20480K), 5 survivors (20480K)
 Metaspace       used 9879K, committed 10112K, reserved 1064960K
  class space    used 1095K, committed 1216K, reserved 1048576K
}
Event: 23.286 GC heap before
{Heap before GC invocations=5 (full 0):
 garbage-first heap   total 524288K, used 314628K [0x0000000255800000, 0x0000000454000000)
  region size 4096K, 76 young (311296K), 5 survivors (20480K)
 Metaspace       used 9886K, committed 10112K, reserved 1064960K
  class space    used 1095K, committed 1216K, reserved 1048576K
}

